<?xml version="1.0" encoding="UTF-8"?>
<testsuite xmlns:xsi="http://www.w3.org/2001/XMLSchema-instance" xsi:noNamespaceSchemaLocation="https://maven.apache.org/surefire/maven-surefire-plugin/xsd/surefire-test-report.xsd" version="3.0.2" name="com.sftp.SftpApplicationTests" time="9.014" tests="1" errors="0" skipped="0" failures="0">
  <properties>
[...]
</properties>
  <testcase name="contextLoads" classname="com.sftp.SftpApplicationTests" time="1.496">
    <system-out><![CDATA[14:56:58.722 [main] INFO org.springframework.test.context.support.AnnotationConfigContextLoaderUtils -- Could not detect default configuration classes for test class [com.sftp.SftpApplicationTests]: SftpApplicationTests does not declare any static, non-private, non-final, nested classes annotated with @Configuration.
14:56:58.984 [main] INFO org.springframework.boot.test.context.SpringBootTestContextBootstrapper -- Found @SpringBootConfiguration com.sftp.SftpApplication for test class com.sftp.SftpApplicationTests
14:56:59.463 [main] INFO org.springframework.boot.devtools.restart.RestartApplicationListener -- Restart disabled due to context in which it is running

  .   ____          _            __ _ _
 /\\ / ___'_ __ _ _(_)_ __  __ _ \ \ \ \
( ( )\___ | '_ | '_| | '_ \/ _` | \ \ \ \
 \\/  ___)| |_)| | | | | || (_| |  ) ) ) )
  '  |____| .__|_| |_|_| |_\__, | / / / /
 =========|_|==============|___/=/_/_/_/

 :: Spring Boot ::                (v3.5.3)

2025-06-25T14:57:00.211+07:00  INFO 16016 --- [SFTP-Project] [           main] com.sftp.SftpApplicationTests            : Starting SftpApplicationTests using Java 17.0.7 with PID 16016 (started by yanit in C:\MyProject\SftpWorkspace\sftp-server-springboot)
2025-06-25T14:57:00.220+07:00  INFO 16016 --- [SFTP-Project] [           main] com.sftp.SftpApplicationTests            : No active profile set, falling back to 1 default profile: "default"
2025-06-25T14:57:02.101+07:00  INFO 16016 --- [SFTP-Project] [           main] faultConfiguringBeanFactoryPostProcessor : No bean named 'errorChannel' has been explicitly defined. Therefore, a default PublishSubscribeChannel will be created.
2025-06-25T14:57:02.155+07:00  INFO 16016 --- [SFTP-Project] [           main] faultConfiguringBeanFactoryPostProcessor : No bean named 'integrationHeaderChannelRegistry' has been explicitly defined. Therefore, a default DefaultHeaderChannelRegistry will be created.
✅ SFTP Server started on port 2222, root: null
2025-06-25T14:57:04.415+07:00  INFO 16016 --- [SFTP-Project] [           main] r$InitializeUserDetailsManagerConfigurer : Global AuthenticationManager configured with UserDetailsService bean with name userDetailsService
2025-06-25T14:57:05.838+07:00  INFO 16016 --- [SFTP-Project] [           main] o.s.i.endpoint.EventDrivenConsumer       : Adding {logging-channel-adapter:_org.springframework.integration.errorLogger} as a subscriber to the 'errorChannel' channel
2025-06-25T14:57:05.839+07:00  INFO 16016 --- [SFTP-Project] [           main] o.s.i.channel.PublishSubscribeChannel    : Channel 'SFTP-Project.errorChannel' has 1 subscriber(s).
2025-06-25T14:57:05.840+07:00  INFO 16016 --- [SFTP-Project] [           main] o.s.i.endpoint.EventDrivenConsumer       : started bean '_org.springframework.integration.errorLogger'
2025-06-25T14:57:05.862+07:00  INFO 16016 --- [SFTP-Project] [           main] com.sftp.SftpApplicationTests            : Started SftpApplicationTests in 6.434 seconds (process running for 8.713)
]]></system-out>
  </testcase>
</testsuite>